Microsoft (R) Macro Assembler Version 5.10                  4/21/19 17:33:55
                                                             Page     1-1


       1 0000				SSTACK SEGMENT PARA STACK 'STACK'
       2 0000  0040[				DB 64 DUP (0)
       3	   00			
       4			 ]	
       5				
       6 0040				SSTACK ENDS
       7				
       8 0000				DSEG SEGMENT PARA PUBLIC 'DATA'
       9 0000  02				N DB 2
      10 0001  00				P DB 0
      11 0002  02				X DB 10B
      12 0003				DSEG ENDS
      13				
      14 0000				CSEG SEGMENT PARA PUBLIC 'CODE'
      15					ASSUME SS:SSTACK, DS:DSEG, CS:C
					SEG
      16				
      17 0000				setclear PROC FAR
      18 0000  B8 ---- R			MOV AX, DSEG
      19 0003  8E D8				MOV DS, AX
      20				
      21					; translate x to bynary
      22					; get bynary 0001000 1 - n
      23 0005  BB 0001				mov bx, 1
      24 0008  8A 0E 0000 R			mov cl, n
      25 000C  D3 E3				sal bx, cl
      26					
      27 000E  80 3E 0001 R 00			cmp P, 0
      28 0013  74 03				je setzero
      29 0015  EB 0A 90				jmp setone
      30				
      31 0018				setzero:
      32 0018  F7 D3				not bx
      33 001A  21 1E 0002 R			and x, bx
setclear.asm(30): warning A4031: Operand types must match
      34 001E  EB 08 90				jmp end_prog
      35				
      36 0021				setone: 
      37 0021  09 1E 0002 R			or x, bx
setclear.asm(34): warning A4031: Operand types must match
      38 0025  EB 01 90				jmp end_prog
      39				
      40 0028				END_PROG:
      41					;ret
      42 0028  B0 00				MOV AL, 0
      43 002A  B4 4C				MOV AH, 4Ch
      44 002C  CD 21				INT 21h	
      45				
      46 002E				setclear ENDP
      47					
      48 002E				CSEG ENDS
      49				END setclear
Microsoft (R) Macro Assembler Version 5.10                  4/21/19 17:33:55
                                                             Symbols-1


Segments and Groups:

                N a m e         	Length	 Align	Combine Class

CSEG . . . . . . . . . . . . . .  	002E	PARA	PUBLIC	'CODE'
DSEG . . . . . . . . . . . . . .  	0003	PARA	PUBLIC	'DATA'
SSTACK . . . . . . . . . . . . .  	0040	PARA	STACK	'STACK'

Symbols:            

                N a m e         	Type	 Value	 Attr

END_PROG . . . . . . . . . . . .  	L NEAR	0028	CSEG

N  . . . . . . . . . . . . . . .  	L BYTE	0000	DSEG

P  . . . . . . . . . . . . . . .  	L BYTE	0001	DSEG

SETCLEAR . . . . . . . . . . . .  	F PROC	0000	CSEG	Length = 002E
SETONE . . . . . . . . . . . . .  	L NEAR	0021	CSEG
SETZERO  . . . . . . . . . . . .  	L NEAR	0018	CSEG

X  . . . . . . . . . . . . . . .  	L BYTE	0002	DSEG

@CPU . . . . . . . . . . . . . .  	TEXT  0101h		
@FILENAME  . . . . . . . . . . .  	TEXT  setclear		
@VERSION . . . . . . . . . . . .  	TEXT  510		


     46 Source  Lines
     46 Total   Lines
     18 Symbols

  46638 + 447454 Bytes symbol space free

      2 Warning Errors
      0 Severe  Errors
