D:\TEMP\LUCHINA2\LAB_09\LAB_09\DEBUG\LAB_09.PCH
D:\TEMP\LUCHINA2\LAB_09\LAB_09\DEBUG\STDAFX.OBJ
D:\TEMP\LUCHINA2\LAB_09\LAB_09\DEBUG\VC110.PDB
D:\TEMP\LUCHINA2\LAB_09\LAB_09\DEBUG\LAB_09.OBJ
D:\TEMP\LUCHINA\LAB_09_1\LAB_09\LAB_09\DEBUG\LAB_09.PCH
D:\TEMP\LUCHINA\LAB_09_1\LAB_09\LAB_09\DEBUG\STDAFX.OBJ
D:\TEMP\LUCHINA\LAB_09_1\LAB_09\LAB_09\DEBUG\VC110.PDB
D:\TEMP\LUCHINA\LAB_09_1\LAB_09\LAB_09\DEBUG\LAB_09.OBJ
D:\TEMP\luchina2\lab_09\lab_09\Debug\pp.obj
D:\TEMP\luchina\lab_09_1\lab_09\lab_09\Debug\pp.obj
D:\TEMP\LUCHINA2\LAB_09\DEBUG\LAB_09.ILK
D:\TEMP\LUCHINA2\LAB_09\DEBUG\LAB_09.EXE
D:\TEMP\LUCHINA2\LAB_09\DEBUG\LAB_09.PDB
D:\TEMP\LUCHINA\LAB_09_1\LAB_09\DEBUG\LAB_09.ILK
D:\TEMP\LUCHINA\LAB_09_1\LAB_09\DEBUG\LAB_09.EXE
D:\TEMP\LUCHINA\LAB_09_1\LAB_09\DEBUG\LAB_09.PDB
D:\TEMP\luchina\lab_09_1\lab_09\lab_09\Debug\lab_09.obj
D:\TEMP\luchina\lab_09_1\lab_09\lab_09\Debug\stdafx.obj
D:\TEMP\luchina\lab_09_1\lab_09\lab_09\Debug\cl.command.1.tlog
D:\TEMP\luchina\lab_09_1\lab_09\lab_09\Debug\CL.read.1.tlog
D:\TEMP\luchina\lab_09_1\lab_09\lab_09\Debug\CL.write.1.tlog
D:\TEMP\luchina\lab_09_1\lab_09\lab_09\Debug\lab_09.write.1.tlog
D:\TEMP\luchina\lab_09_1\lab_09\lab_09\Debug\link-cvtres.read.1.tlog
D:\TEMP\luchina\lab_09_1\lab_09\lab_09\Debug\link-cvtres.write.1.tlog
D:\TEMP\luchina\lab_09_1\lab_09\lab_09\Debug\link-rc.read.1.tlog
D:\TEMP\luchina\lab_09_1\lab_09\lab_09\Debug\link-rc.write.1.tlog
D:\TEMP\luchina\lab_09_1\lab_09\lab_09\Debug\link.command.1.tlog
D:\TEMP\luchina\lab_09_1\lab_09\lab_09\Debug\link.read.1.tlog
D:\TEMP\luchina\lab_09_1\lab_09\lab_09\Debug\link.write.1.tlog
D:\TEMP\luchina\lab_09_1\lab_09\lab_09\Debug\lab_09.pch
D:\TEMP\luchina\lab_09_1\lab_09\lab_09\Debug\vc110.idb
D:\TEMP\luchina\lab_09_1\lab_09\lab_09\Debug\vc110.pdb
D:\TEMP\luchina\lab_09_1\lab_09\Debug\lab_09.pdb
D:\TEMP\luchina\lab_09_1\lab_09\Debug\lab_09.exe
D:\TEMP\luchina\lab_09_1\lab_09\Debug\lab_09.ilk
