Microsoft (R) Macro Assembler Version 5.10                  3/18/19 10:27:52
                                                             Page     1-1


       1 0000				sseg segment para stack 'stack'
       2 0000  0040[			    db 64 dup (0)
       3	   00			
       4			 ]	
       5				
       6 0040				sseg ends
       7				
       8 0000				dseg segment para public 'data'
       9 0000  0D 0A 30 29 20 70	    menu0 db 13, 10, '0) print menu'
      10       72 69 6E 74 20 6D	
      11       65 6E 75			
      12 000F  0D 0A 31 29 20 69	    menu1 db 13, 10, '1) input x'
      13       6E 70 75 74 20 78	
      14 001B  0D 0A 32 29 20 62	    menu2 db 13, 10, '2) binary unsigne
					d'
      15       69 6E 61 72 79 20	
      16       75 6E 73 69 67 6E	
      17       65 64			
      18 002F  0D 0A 33 29 20 62	    menu3 db 13, 10, '3) binary signed'
      19       69 6E 61 72 79 20	
      20       73 69 67 6E 65 64	
      21 0041  0D 0A 34 29 20 64	    menu4 db 13, 10, '4) decimal unsign
					ed'
      22       65 63 69 6D 61 6C	
      23       20 75 6E 73 69 67	
      24       6E 65 64			
      25 0056  0D 0A 35 29 20 64	    menu5 db 13, 10, '5) decimal signed
					'
      26       65 63 69 6D 61 6C	
      27       20 73 69 67 6E 65	
      28       64			
      29 0069  0D 0A 36 29 20 68	    menu6 db 13, 10, '6) hexidecimal un
					signed'
      30       65 78 69 64 65 63	
      31       69 6D 61 6C 20 75	
      32       6E 73 69 67 6E 65	
      33       64			
      34 0082  0D 0A 37 29 20 68	    menu7 db 13, 10, '7) hexidecimal si
					gned'
      35       65 78 69 64 65 63	
      36       69 6D 61 6C 20 73	
      37       69 67 6E 65 64		
      38 0099  0D 0A 38 29 20 65	    menu8 db 13, 10, '8) exit$'
      39       78 69 74 24		
      40 00A3  0D 0A 63 68 6F 73	    welcome db 13, 10, 'chose the optio
					n: $'
      41       65 20 74 68 65 20	
      42       6F 70 74 69 6F 6E	
      43       3A 20 24			
      44 00B8  0040 R 0064 R		    option dw option1, option2  ;, opti
					on3, option4, option5, option6, option7
      45				
      46 00BC				    buf label byte
      47 00BC  07			    maxlength db 7
Microsoft (R) Macro Assembler Version 5.10                  3/18/19 10:27:52
                                                             Page     1-2


      48 00BD  00			    reallength db ?
      49 00BE  0007[			    text db 7 dup(0)
      50	   00			
      51			 ]	
      52				
      53 00C5  0D 0A 69 6E 70 75	    mes db 13, 10, 'input a nubmer: $'
      54       74 20 61 20 6E 75	
      55       62 6D 65 72 3A 20	
      56       24			
      57				
      58 00D8				dseg ends
      59				
      60 0000				cseg segment para public 'code'
      61				    assume SS:sseg, DS:dseg, CS:cseg
      62				
      63 0000				print_menu:
      64 0000  BA 0000 R		    mov dx, offset menu0
      65 0003  B4 09			    mov ah, 09h
      66 0005  CD 21			    int 21h
      67				
      68 0007				input_option:
      69 0007  BA 00A3 R		    mov dx, offset welcome
      70 000A  B4 09			    mov ah, 09h
      71 000C  CD 21			    int 21h
      72				
      73 000E  B4 07			    mov ah, 07h
      74 0010  CD 21			    int 21h
      75				
      76 0012  8A D0			    mov dl, al
      77 0014  B4 02			    mov ah, 02h
      78 0016  CD 21			    int 21h
      79				
      80 0018  80 FA 30			    cmp dl, 30h
      81 001B  74 E3			    je print_menu
      82 001D  7C E8			    jl input_option
      83				    
      84 001F  80 FA 38			    cmp dl, 38h
      85 0022  74 18			    je exit
      86 0024  7F E1			    jg input_option
      87				
      88 0026  B6 00			    mov dh, 0
      89 0028  FE CA			    dec dl
      90 002A  83 EA 30			    sub dx, 30h
      91 002D  8B F2			    mov si, dx
      92 002F  FF 94 00B8 R		    call option[si]
      93				
      94 0033  EB D2			    jmp input_option
      95				
      96 0035				main:
      97 0035  B8 ---- R		    mov ax, dseg
      98 0038  8E D8			    mov ds, ax
      99				
     100 003A  EB C4			    jmp print_menu
     101				
Microsoft (R) Macro Assembler Version 5.10                  3/18/19 10:27:52
                                                             Page     1-3


     102 003C				exit:
     103 003C  B4 4C			    mov ah, 4ch
     104 003E  CD 21			    int 21h
     105				
     106 0040				option1 proc near
     107 0040  B8 ---- R		    mov ax, dseg
     108 0043  8E D8			    mov ds, ax
     109				
     110 0045  BA 00C5 R		    mov dx, offset mes
     111 0048  B4 09			    mov ah, 09h
     112 004A  CD 21			    int 21h
     113				
     114 004C  BA 00BC R		    mov dx, offset buf
     115 004F  B4 0A			    mov ah, 0Ah
     116 0051  CD 21			    int 21h
     117				
     118 0053  8B DA			    mov bx, dx
     119 0055  8A 17			    mov dl, [bx]
     120 0057  B4 02			    mov ah, 02h
     121 0059  CD 21			    int 21h
     122 005B  43			    inc bx
     123 005C  8A 17			    mov dl, [bx]
     124 005E  B4 02			    mov ah, 02h
     125 0060  CD 21			    int 21h
     126 0062  43			    inc bx
     127				    
     128 0063  C3			    ret
     129 0064				option1 endp
     130				
     131 0064				option2 proc near
     132 0064  B2 01			    mov dl, 1
     133 0066  B4 02			    mov ah, 02h
     134 0068  CD 21			    int 21h
     135 006A  C3			    ret
     136 006B				option2 endp
     137				
     138 006B				cseg ends
     139				    end main
Microsoft (R) Macro Assembler Version 5.10                  3/18/19 10:27:52
                                                             Symbols-1


Segments and Groups:

                N a m e         	Length	 Align	Combine Class

CSEG . . . . . . . . . . . . . .  	006B	PARA	PUBLIC	'CODE'
DSEG . . . . . . . . . . . . . .  	00D8	PARA	PUBLIC	'DATA'
SSEG . . . . . . . . . . . . . .  	0040	PARA	STACK	'STACK'

Symbols:            

                N a m e         	Type	 Value	 Attr

BUF  . . . . . . . . . . . . . .  	L BYTE	00BC	DSEG

EXIT . . . . . . . . . . . . . .  	L NEAR	003C	CSEG

INPUT_OPTION . . . . . . . . . .  	L NEAR	0007	CSEG

MAIN . . . . . . . . . . . . . .  	L NEAR	0035	CSEG
MAXLENGTH  . . . . . . . . . . .  	L BYTE	00BC	DSEG
MENU0  . . . . . . . . . . . . .  	L BYTE	0000	DSEG
MENU1  . . . . . . . . . . . . .  	L BYTE	000F	DSEG
MENU2  . . . . . . . . . . . . .  	L BYTE	001B	DSEG
MENU3  . . . . . . . . . . . . .  	L BYTE	002F	DSEG
MENU4  . . . . . . . . . . . . .  	L BYTE	0041	DSEG
MENU5  . . . . . . . . . . . . .  	L BYTE	0056	DSEG
MENU6  . . . . . . . . . . . . .  	L BYTE	0069	DSEG
MENU7  . . . . . . . . . . . . .  	L BYTE	0082	DSEG
MENU8  . . . . . . . . . . . . .  	L BYTE	0099	DSEG
MES  . . . . . . . . . . . . . .  	L BYTE	00C5	DSEG

OPTION . . . . . . . . . . . . .  	L 0002	00B8	DSEG
OPTION1  . . . . . . . . . . . .  	N PROC	0040	CSEG	Length = 0024
OPTION2  . . . . . . . . . . . .  	N PROC	0064	CSEG	Length = 0007

PRINT_MENU . . . . . . . . . . .  	L NEAR	0000	CSEG

REALLENGTH . . . . . . . . . . .  	L BYTE	00BD	DSEG

TEXT . . . . . . . . . . . . . .  	L BYTE	00BE	DSEG	Length = 0007

WELCOME  . . . . . . . . . . . .  	L BYTE	00A3	DSEG

@CPU . . . . . . . . . . . . . .  	TEXT  0101h		
@FILENAME  . . . . . . . . . . .  	TEXT  main		
@VERSION . . . . . . . . . . . .  	TEXT  510		

Microsoft (R) Macro Assembler Version 5.10                  3/18/19 10:27:52
                                                             Symbols-2



    105 Source  Lines
    105 Total   Lines
     37 Symbols

  46556 + 443441 Bytes symbol space free

      0 Warning Errors
      0 Severe  Errors
