Microsoft (R) Macro Assembler Version 5.10                  3/11/19 13:21:24
                                                             Page     1-1


       1 0000				SSTACK SEGMENT PARA STACK 'STACK'
       2 0000  0040[				DB 64 DUP (0)
       3	   00			
       4			 ]	
       5				
       6 0040				SSTACK ENDS
       7				
       8 0000				DSEG SEGMENT PARA PUBLIC 'DATA'
       9 0000  0005[				x DB 5 DUP (1,2,3,4,5)
      10	   01			
      11	   02			
      12	   03			
      13	   04			
      14	   05			
      15			 ]	
      16				
      17 0019  05				N DB 5
      18 001A				DSEG ENDS
      19				
      20 0000				CSEG SEGMENT PARA PUBLIC 'CODE'
      21					ASSUME SS:SSTACK, DS:DSEG, CS:C
					SEG
      22				
      23 0000				SWAP PROC FAR
      24 0000  86 80 0000 R			XCHG AL, X[BX][SI]
      25 0004  86 81 0000 R			XCHG AL, X[BX][DI]
      26 0008  86 80 0000 R			XCHG AL, X[BX][SI]
      27 000C  CB				RET
      28 000D				SWAP ENDP
      29				
      30 000D				START PROC FAR
      31 000D  B8 ---- R			MOV AX, DSEG
      32 0010  8E D8				MOV DS, AX
      33				
      34 0012  BE 0001				MOV SI, 1
      35 0015  BF 0005				MOV DI, 5
      36				
      37 0018  BB 0000 R			MOV BX, OFFSET X
      38				
      39 001B				LOOP2:
      40 001B  9A 0000 ---- R			CALL SWAP
      41 0020  46				INC SI
      42 0021  83 C7 05				ADD DI, 5
      43 0024  3B 36 0019 R			CMP SI, N
TRANS.ASM(33): warning A4031: Operand types must match
      44 0028  74 02				JE LOOP1		;if si 
					== N jump loop1
      45 002A  EB EF				JMP LOOP2
      46				
      47 002C				LOOP1:
      48 002C  83 C3 06				ADD BX, 6
      49 002F  FE 0E 0019 R			DEC N
      50 0033  BE 0001				MOV SI, 1
      51 0036  BF 0005				MOV DI, 5
      52				
Microsoft (R) Macro Assembler Version 5.10                  3/11/19 13:21:24
                                                             Page     1-2


      53 0039  B2 01				MOV DL, 1
      54 003B  38 16 0019 R			CMP N, DL
      55 003F  74 02				JE END_PROG	
      56					
      57 0041  EB D8				JMP LOOP2
      58				
      59				
      60 0043				END_PROG:
      61 0043  B0 00				MOV AL, 0
      62 0045  B4 4C				MOV AH, 4Ch
      63 0047  CD 21				INT 21h	
      64				
      65 0049				START ENDP
      66					
      67 0049				CSEG ENDS
      68				END START
Microsoft (R) Macro Assembler Version 5.10                  3/11/19 13:21:24
                                                             Symbols-1


Segments and Groups:

                N a m e         	Length	 Align	Combine Class

CSEG . . . . . . . . . . . . . .  	0049	PARA	PUBLIC	'CODE'
DSEG . . . . . . . . . . . . . .  	001A	PARA	PUBLIC	'DATA'
SSTACK . . . . . . . . . . . . .  	0040	PARA	STACK	'STACK'

Symbols:            

                N a m e         	Type	 Value	 Attr

END_PROG . . . . . . . . . . . .  	L NEAR	0043	CSEG

LOOP1  . . . . . . . . . . . . .  	L NEAR	002C	CSEG
LOOP2  . . . . . . . . . . . . .  	L NEAR	001B	CSEG

N  . . . . . . . . . . . . . . .  	L BYTE	0019	DSEG

START  . . . . . . . . . . . . .  	F PROC	000D	CSEG	Length = 003C
SWAP . . . . . . . . . . . . . .  	F PROC	0000	CSEG	Length = 000D

X  . . . . . . . . . . . . . . .  	L BYTE	0000	DSEG	Length = 0005

@CPU . . . . . . . . . . . . . .  	TEXT  0101h		
@FILENAME  . . . . . . . . . . .  	TEXT  TRANS		
@VERSION . . . . . . . . . . . .  	TEXT  510		


     58 Source  Lines
     58 Total   Lines
     22 Symbols

  46518 + 447574 Bytes symbol space free

      1 Warning Errors
      0 Severe  Errors
